<?xml version="1.0" encoding="UTF-8"?>
<!-- Generated by org.testng.reporters.JUnitReportReporter -->
<testsuite hostname="DivyaDSP" failures="0" tests="4" name="org.test.FramesTest" time="0.760" errors="0" timestamp="2025-08-31T06:41:35 IST" skipped="0">
  <testcase classname="org.test.FramesTest" name="frame1_enterName" time="0.180"/>
  <testcase classname="org.test.FramesTest" name="frame2_enterName_byElement" time="0.145"/>
  <testcase classname="org.test.FramesTest" name="frame3_and_innerFrame_interactions" time="0.315"/>
  <testcase classname="org.test.FramesTest" name="revisit_frame2_and_append" time="0.120"/>
</testsuite> <!-- org.test.FramesTest -->
